<!DOCTYPE html PUBLIC "-//W3C//DTD XHTML 1.1//EN" "https://www.w3.org/TR/xhtml11/DTD/xhtml11.dtd">
<html xmlns="https://www.w3.org/1999/xhtml">
<head>
<meta http-equiv="content-type" content="text/html; charset=UTF-8"/>
<title>TestNG Report</title>
<style type="text/css">table {margin-bottom:10px;border-collapse:collapse;empty-cells:show}th,td {border:1px solid #009;padding:.25em .5em}th {vertical-align:bottom}td {vertical-align:top}table a {font-weight:bold}.stripe td {background-color: #E6EBF9}.num {text-align:right}.passedodd td {background-color: #3F3}.passedeven td {background-color: #0A0}.skippedodd td {background-color: #DDD}.skippedeven td {background-color: #CCC}.failedodd td,.attn {background-color: #F33}.failedeven td,.stripe .attn {background-color: #D00}.stacktrace {white-space:pre;font-family:monospace}.totop {font-size:85%;text-align:center;border-bottom:2px solid #000}.invisible {display:none}</style>
</head>
<body>
<table>
<tr><th>Test</th><th># Passed</th><th># Skipped</th><th># Retried</th><th># Failed</th><th>Time (ms)</th><th>Included Groups</th><th>Excluded Groups</th></tr>
<tr><th colspan="8">Surefire suite</th></tr>
<tr><td><a href="#t0">Surefire test</a></td><td class="num">11</td><td class="num">0</td><td class="num">0</td><td class="num attn">9</td><td class="num">284.921</td><td></td><td></td></tr>
</table>
<table id='summary'><thead><tr><th>Class</th><th>Method</th><th>Start</th><th>Time (ms)</th></tr></thead><tbody><tr><th colspan="4">Surefire suite</th></tr></tbody><tbody id="t0"><tr><th colspan="4">Surefire test &#8212; failed</th></tr><tr class="failedeven"><td rowspan="1">com.automation.TestCase14</td><td><a href="#m0">placeOrderRegisterWhileCheckout</a></td><td rowspan="1">1728541227983</td><td rowspan="1">15957</td></tr><tr class="failedodd"><td rowspan="1">com.automation.TestCase15</td><td><a href="#m1">placeOrderRegisterBeforeCheckout</a></td><td rowspan="1">1728541265195</td><td rowspan="1">17099</td></tr><tr class="failedeven"><td rowspan="1">com.automation.TestCase16</td><td><a href="#m2">placeOrderLoginBeforeCheckout</a></td><td rowspan="1">1728541208968</td><td rowspan="1">1458</td></tr><tr class="failedodd"><td rowspan="1">com.automation.TestCase18</td><td><a href="#m3">viewCategoryProducts</a></td><td rowspan="1">1728541092554</td><td rowspan="1">1752</td></tr><tr class="failedeven"><td rowspan="1">com.automation.TestCase19</td><td><a href="#m4">viewCartBrandProducts</a></td><td rowspan="1">1728541038927</td><td rowspan="1">7674</td></tr><tr class="failedodd"><td rowspan="1">com.automation.TestCase2</td><td><a href="#m5">loginUserWithCorrectEmailAndPassword</a></td><td rowspan="1">1728541083630</td><td rowspan="1">1903</td></tr><tr class="failedeven"><td rowspan="1">com.automation.TestCase20</td><td><a href="#m6">searchProductsAndVerifyCartAfterLogin</a></td><td rowspan="1">1728541063010</td><td rowspan="1">14618</td></tr><tr class="failedodd"><td rowspan="1">com.automation.TestCase4</td><td><a href="#m7">logoutUser</a></td><td rowspan="1">1728541025726</td><td rowspan="1">2706</td></tr><tr class="failedeven"><td rowspan="1">com.automation.TestCase6</td><td><a href="#m8">contactUsForm</a></td><td rowspan="1">1728541053358</td><td rowspan="1">1625</td></tr><tr><th colspan="4">Surefire test &#8212; passed</th></tr><tr class="passedeven"><td rowspan="1">com.automation.TestCase1</td><td><a href="#m9">registerUser</a></td><td rowspan="1">1728541131293</td><td rowspan="1">31217</td></tr><tr class="passedodd"><td rowspan="1">com.automation.TestCase10</td><td><a href="#m10">verifySubscriptionInHomePage</a></td><td rowspan="1">1728541184088</td><td rowspan="1">402</td></tr><tr class="passedeven"><td rowspan="1">com.automation.TestCase11</td><td><a href="#m11">verifySubscriptionInCartPage</a></td><td rowspan="1">1728541258663</td><td rowspan="1">1322</td></tr><tr class="passedodd"><td rowspan="1">com.automation.TestCase12</td><td><a href="#m12">addProductsInCart</a></td><td rowspan="1">1728541194086</td><td rowspan="1">7361</td></tr><tr class="passedeven"><td rowspan="1">com.automation.TestCase13</td><td><a href="#m13">verifyProductQuantityInCart</a></td><td rowspan="1">1728541249903</td><td rowspan="1">3648</td></tr><tr class="passedodd"><td rowspan="1">com.automation.TestCase17</td><td><a href="#m14">removeProductsFromCart</a></td><td rowspan="1">1728541289144</td><td rowspan="1">4542</td></tr><tr class="passedeven"><td rowspan="1">com.automation.TestCase3</td><td><a href="#m15">loginUserWithIncorrectEmailAndPassword</a></td><td rowspan="1">1728541171075</td><td rowspan="1">1811</td></tr><tr class="passedodd"><td rowspan="1">com.automation.TestCase5</td><td><a href="#m16">registerUserWithExistingEmail</a></td><td rowspan="1">1728541108225</td><td rowspan="1">2038</td></tr><tr class="passedeven"><td rowspan="1">com.automation.TestCase7</td><td><a href="#m17">verifyTestCasesPage</a></td><td rowspan="1">1728541099702</td><td rowspan="1">985</td></tr><tr class="passedodd"><td rowspan="1">com.automation.TestCase8</td><td><a href="#m18">verifyAllProductsAndProductDetailPage</a></td><td rowspan="1">1728541298935</td><td rowspan="1">4463</td></tr><tr class="passedeven"><td rowspan="1">com.automation.TestCase9</td><td><a href="#m19">searchProduct</a></td><td rowspan="1">1728541216618</td><td rowspan="1">5153</td></tr></tbody>
</table>
<h2>Surefire test</h2><h3 id="m0">com.automation.TestCase14#placeOrderRegisterWhileCheckout</h3><table class="result"><tr><th>Exception</th></tr><tr><td><div class="stacktrace">java.io.FileNotFoundException: src\test\java\com\automation\resources\testData\PaymentDetails.json (No such file or directory)
	at java.base/java.io.FileInputStream.open0(Native Method)
	at java.base/java.io.FileInputStream.open(FileInputStream.java:219)
	at java.base/java.io.FileInputStream.&lt;init&gt;(FileInputStream.java:159)
	at java.base/java.io.FileInputStream.&lt;init&gt;(FileInputStream.java:112)
	at java.base/java.io.FileReader.&lt;init&gt;(FileReader.java:60)
	at com.automation.utils.JSONReader.paymentDetails(JSONReader.java:30)
	at com.automation.pages.PaymentPage.fillPaymentDetails(PaymentPage.java:53)
	at com.automation.TestCase14.verifySuccessMessageCongratulationsYourOrderHasBeenConfirmed(TestCase14.java:138)
	at com.automation.TestCase14.placeOrderRegisterWhileCheckout(TestCase14.java:50)
	at java.base/java.util.ArrayList.forEach(ArrayList.java:1597)
... Removed 30 stack frames</div></td></tr></table><p class="totop"><a href="#summary">back to summary</a></p>
<h3 id="m1">com.automation.TestCase15#placeOrderRegisterBeforeCheckout</h3><table class="result"><tr><th>Exception</th></tr><tr><td><div class="stacktrace">java.io.FileNotFoundException: src\test\java\com\automation\resources\testData\PaymentDetails.json (No such file or directory)
	at java.base/java.io.FileInputStream.open0(Native Method)
	at java.base/java.io.FileInputStream.open(FileInputStream.java:219)
	at java.base/java.io.FileInputStream.&lt;init&gt;(FileInputStream.java:159)
	at java.base/java.io.FileInputStream.&lt;init&gt;(FileInputStream.java:112)
	at java.base/java.io.FileReader.&lt;init&gt;(FileReader.java:60)
	at com.automation.utils.JSONReader.paymentDetails(JSONReader.java:30)
	at com.automation.pages.PaymentPage.fillPaymentDetails(PaymentPage.java:53)
	at com.automation.TestCase14.verifySuccessMessageCongratulationsYourOrderHasBeenConfirmed(TestCase14.java:138)
	at com.automation.TestCase15.placeOrderRegisterBeforeCheckout(TestCase15.java:46)
	at java.base/java.util.ArrayList.forEach(ArrayList.java:1597)
... Removed 30 stack frames</div></td></tr></table><p class="totop"><a href="#summary">back to summary</a></p>
<h3 id="m2">com.automation.TestCase16#placeOrderLoginBeforeCheckout</h3><table class="result"><tr><th>Exception</th></tr><tr><td><div class="stacktrace">org.openqa.selenium.NoSuchElementException: Unable to locate element: b
For documentation on this error, please visit: https://www.selenium.dev/documentation/webdriver/troubleshooting/errors#no-such-element-exception
Build info: version: &apos;4.23.0&apos;, revision: &apos;4df0a231af&apos;
System info: os.name: &apos;Mac OS X&apos;, os.arch: &apos;aarch64&apos;, os.version: &apos;14.7&apos;, java.version: &apos;23&apos;
Driver info: org.openqa.selenium.firefox.FirefoxDriver
Command: [28ef1244-657c-4988-a7b4-7e1cbd1d7faa, findElement {value=b, using=css selector}]
Capabilities {acceptInsecureCerts: true, browserName: firefox, browserVersion: 131.0.2, moz:accessibilityChecks: false, moz:buildID: 20241008210941, moz:debuggerAddress: 127.0.0.1:2249, moz:geckodriverVersion: 0.35.0, moz:headless: true, moz:platformVersion: 23.6.0, moz:processID: 28045, moz:profile: /var/folders/qk/lrxzqjc5227..., moz:shutdownTimeout: 60000, moz:webdriverClick: true, moz:windowless: false, pageLoadStrategy: normal, platformName: mac, proxy: Proxy(), se:cdp: ws://127.0.0.1:2249/devtool..., se:cdpVersion: 85.0, setWindowRect: true, strictFileInteractability: false, timeouts: {implicit: 0, pageLoad: 300000, script: 30000}, unhandledPromptBehavior: dismiss and notify, userAgent: Mozilla/5.0 (Macintosh; Int...}
Session ID: 28ef1244-657c-4988-a7b4-7e1cbd1d7faa
	at org.openqa.selenium.remote.ErrorCodec.decode(ErrorCodec.java:167)
	at org.openqa.selenium.remote.codec.w3c.W3CHttpResponseCodec.decode(W3CHttpResponseCodec.java:138)
	at org.openqa.selenium.remote.codec.w3c.W3CHttpResponseCodec.decode(W3CHttpResponseCodec.java:50)
	at org.openqa.selenium.remote.HttpCommandExecutor.execute(HttpCommandExecutor.java:190)
	at org.openqa.selenium.remote.service.DriverCommandExecutor.invokeExecute(DriverCommandExecutor.java:216)
	at org.openqa.selenium.remote.service.DriverCommandExecutor.execute(DriverCommandExecutor.java:174)
	at org.openqa.selenium.remote.RemoteWebDriver.execute(RemoteWebDriver.java:527)
	at org.openqa.selenium.remote.ElementLocation$ElementFinder$2.findElement(ElementLocation.java:165)
	at org.openqa.selenium.remote.ElementLocation.findElement(ElementLocation.java:59)
	at org.openqa.selenium.remote.RemoteWebDriver.findElement(RemoteWebDriver.java:357)
	at org.openqa.selenium.remote.RemoteWebDriver.findElement(RemoteWebDriver.java:351)
	at org.openqa.selenium.support.pagefactory.DefaultElementLocator.findElement(DefaultElementLocator.java:68)
	at org.openqa.selenium.support.pagefactory.internal.LocatingElementHandler.invoke(LocatingElementHandler.java:38)
	at jdk.proxy2/jdk.proxy2.$Proxy20.getText(Unknown Source)
	at com.automation.TestCase16.verifyLoggedInAsUsernameAtTop(TestCase16.java:61)
	at com.automation.TestCase16.placeOrderLoginBeforeCheckout(TestCase16.java:49)
	at java.base/java.util.ArrayList.forEach(ArrayList.java:1597)
... Removed 33 stack frames</div></td></tr></table><p class="totop"><a href="#summary">back to summary</a></p>
<h3 id="m3">com.automation.TestCase18#viewCategoryProducts</h3><table class="result"><tr><th>Exception</th></tr><tr><td><div class="stacktrace">java.lang.AssertionError: Verify that category page is displayed and confirm text &apos;WOMEN - DRESS PRODUCTS&apos; expected [WOMEN - DRESS PRODUCTS] but found [WOMEN -  DRESS PRODUCTS]
	at com.automation.TestCase18.verifyThatCategoryPageIsDisplayedAndConfirmTextWomenDressProducts(TestCase18.java:47)
	at com.automation.TestCase18.viewCategoryProducts(TestCase18.java:28)
	at java.base/java.util.ArrayList.forEach(ArrayList.java:1597)
... Removed 35 stack frames</div></td></tr></table><p class="totop"><a href="#summary">back to summary</a></p>
<h3 id="m4">com.automation.TestCase19#viewCartBrandProducts</h3><table class="result"><tr><th>Exception</th></tr><tr><td><div class="stacktrace">java.lang.AssertionError: Verify that user is navigated to brand page expected [BRAND - POLO PRODUCTS] but found [BRAND -  POLO PRODUCTS]
	at com.automation.TestCase19.verifyThatUserIsNavigatedToBrandPageAndBrandProductsAreDisplayed(TestCase19.java:51)
	at com.automation.TestCase19.viewCartBrandProducts(TestCase19.java:32)
	at java.base/java.util.ArrayList.forEach(ArrayList.java:1597)
... Removed 35 stack frames</div></td></tr></table><p class="totop"><a href="#summary">back to summary</a></p>
<h3 id="m5">com.automation.TestCase2#loginUserWithCorrectEmailAndPassword</h3><table class="result"><tr><th>Exception</th></tr><tr><td><div class="stacktrace">org.openqa.selenium.NoSuchElementException: Unable to locate element: b
For documentation on this error, please visit: https://www.selenium.dev/documentation/webdriver/troubleshooting/errors#no-such-element-exception
Build info: version: &apos;4.23.0&apos;, revision: &apos;4df0a231af&apos;
System info: os.name: &apos;Mac OS X&apos;, os.arch: &apos;aarch64&apos;, os.version: &apos;14.7&apos;, java.version: &apos;23&apos;
Driver info: org.openqa.selenium.firefox.FirefoxDriver
Command: [5c2c9c7f-7ae0-48c3-9942-0bbafa8feeba, findElement {value=b, using=css selector}]
Capabilities {acceptInsecureCerts: true, browserName: firefox, browserVersion: 131.0.2, moz:accessibilityChecks: false, moz:buildID: 20241008210941, moz:debuggerAddress: 127.0.0.1:33907, moz:geckodriverVersion: 0.35.0, moz:headless: true, moz:platformVersion: 23.6.0, moz:processID: 27801, moz:profile: /var/folders/qk/lrxzqjc5227..., moz:shutdownTimeout: 60000, moz:webdriverClick: true, moz:windowless: false, pageLoadStrategy: normal, platformName: mac, proxy: Proxy(), se:cdp: ws://127.0.0.1:33907/devtoo..., se:cdpVersion: 85.0, setWindowRect: true, strictFileInteractability: false, timeouts: {implicit: 0, pageLoad: 300000, script: 30000}, unhandledPromptBehavior: dismiss and notify, userAgent: Mozilla/5.0 (Macintosh; Int...}
Session ID: 5c2c9c7f-7ae0-48c3-9942-0bbafa8feeba
	at org.openqa.selenium.remote.ErrorCodec.decode(ErrorCodec.java:167)
	at org.openqa.selenium.remote.codec.w3c.W3CHttpResponseCodec.decode(W3CHttpResponseCodec.java:138)
	at org.openqa.selenium.remote.codec.w3c.W3CHttpResponseCodec.decode(W3CHttpResponseCodec.java:50)
	at org.openqa.selenium.remote.HttpCommandExecutor.execute(HttpCommandExecutor.java:190)
	at org.openqa.selenium.remote.service.DriverCommandExecutor.invokeExecute(DriverCommandExecutor.java:216)
	at org.openqa.selenium.remote.service.DriverCommandExecutor.execute(DriverCommandExecutor.java:174)
	at org.openqa.selenium.remote.RemoteWebDriver.execute(RemoteWebDriver.java:527)
	at org.openqa.selenium.remote.ElementLocation$ElementFinder$2.findElement(ElementLocation.java:165)
	at org.openqa.selenium.remote.ElementLocation.findElement(ElementLocation.java:59)
	at org.openqa.selenium.remote.RemoteWebDriver.findElement(RemoteWebDriver.java:357)
	at org.openqa.selenium.remote.RemoteWebDriver.findElement(RemoteWebDriver.java:351)
	at org.openqa.selenium.support.pagefactory.DefaultElementLocator.findElement(DefaultElementLocator.java:68)
	at org.openqa.selenium.support.pagefactory.internal.LocatingElementHandler.invoke(LocatingElementHandler.java:38)
	at jdk.proxy2/jdk.proxy2.$Proxy20.getText(Unknown Source)
	at com.automation.TestCase2.verifyThatLoggedInAsUsernameIsVisible(TestCase2.java:49)
	at com.automation.TestCase2.loginUserWithCorrectEmailAndPassword(TestCase2.java:32)
	at java.base/java.util.ArrayList.forEach(ArrayList.java:1597)
... Removed 33 stack frames</div></td></tr></table><p class="totop"><a href="#summary">back to summary</a></p>
<h3 id="m6">com.automation.TestCase20#searchProductsAndVerifyCartAfterLogin</h3><table class="result"><tr><th>Exception</th></tr><tr><td><div class="stacktrace">java.lang.AssertionError: Verify that products are visible in cart expected [Blue Top] but found [ Blue Top]
	at com.automation.TestCase20.clickCartButtonAndVerifyThatProductsAreVisibleInCart(TestCase20.java:57)
	at com.automation.TestCase20.searchProductsAndVerifyCartAfterLogin(TestCase20.java:43)
	at java.base/java.util.ArrayList.forEach(ArrayList.java:1597)
... Removed 35 stack frames</div></td></tr></table><p class="totop"><a href="#summary">back to summary</a></p>
<h3 id="m7">com.automation.TestCase4#logoutUser</h3><table class="result"><tr><th>Exception</th></tr><tr><td><div class="stacktrace">org.openqa.selenium.NoSuchElementException: Unable to locate element: b
For documentation on this error, please visit: https://www.selenium.dev/documentation/webdriver/troubleshooting/errors#no-such-element-exception
Build info: version: &apos;4.23.0&apos;, revision: &apos;4df0a231af&apos;
System info: os.name: &apos;Mac OS X&apos;, os.arch: &apos;aarch64&apos;, os.version: &apos;14.7&apos;, java.version: &apos;23&apos;
Driver info: org.openqa.selenium.firefox.FirefoxDriver
Command: [7006affb-4fd0-4ba2-a9fb-791e66992e15, findElement {value=b, using=css selector}]
Capabilities {acceptInsecureCerts: true, browserName: firefox, browserVersion: 131.0.2, moz:accessibilityChecks: false, moz:buildID: 20241008210941, moz:debuggerAddress: 127.0.0.1:25526, moz:geckodriverVersion: 0.35.0, moz:headless: true, moz:platformVersion: 23.6.0, moz:processID: 27679, moz:profile: /var/folders/qk/lrxzqjc5227..., moz:shutdownTimeout: 60000, moz:webdriverClick: true, moz:windowless: false, pageLoadStrategy: normal, platformName: mac, proxy: Proxy(), se:cdp: ws://127.0.0.1:25526/devtoo..., se:cdpVersion: 85.0, setWindowRect: true, strictFileInteractability: false, timeouts: {implicit: 0, pageLoad: 300000, script: 30000}, unhandledPromptBehavior: dismiss and notify, userAgent: Mozilla/5.0 (Macintosh; Int...}
Session ID: 7006affb-4fd0-4ba2-a9fb-791e66992e15
	at org.openqa.selenium.remote.ErrorCodec.decode(ErrorCodec.java:167)
	at org.openqa.selenium.remote.codec.w3c.W3CHttpResponseCodec.decode(W3CHttpResponseCodec.java:138)
	at org.openqa.selenium.remote.codec.w3c.W3CHttpResponseCodec.decode(W3CHttpResponseCodec.java:50)
	at org.openqa.selenium.remote.HttpCommandExecutor.execute(HttpCommandExecutor.java:190)
	at org.openqa.selenium.remote.service.DriverCommandExecutor.invokeExecute(DriverCommandExecutor.java:216)
	at org.openqa.selenium.remote.service.DriverCommandExecutor.execute(DriverCommandExecutor.java:174)
	at org.openqa.selenium.remote.RemoteWebDriver.execute(RemoteWebDriver.java:527)
	at org.openqa.selenium.remote.ElementLocation$ElementFinder$2.findElement(ElementLocation.java:165)
	at org.openqa.selenium.remote.ElementLocation.findElement(ElementLocation.java:59)
	at org.openqa.selenium.remote.RemoteWebDriver.findElement(RemoteWebDriver.java:357)
	at org.openqa.selenium.remote.RemoteWebDriver.findElement(RemoteWebDriver.java:351)
	at org.openqa.selenium.support.pagefactory.DefaultElementLocator.findElement(DefaultElementLocator.java:68)
	at org.openqa.selenium.support.pagefactory.internal.LocatingElementHandler.invoke(LocatingElementHandler.java:38)
	at jdk.proxy2/jdk.proxy2.$Proxy20.getText(Unknown Source)
	at com.automation.TestCase2.verifyThatLoggedInAsUsernameIsVisible(TestCase2.java:49)
	at com.automation.TestCase2.loginUserWithCorrectEmailAndPassword(TestCase2.java:32)
	at com.automation.TestCase4.logoutUser(TestCase4.java:30)
	at java.base/java.util.ArrayList.forEach(ArrayList.java:1597)
... Removed 33 stack frames</div></td></tr></table><p class="totop"><a href="#summary">back to summary</a></p>
<h3 id="m8">com.automation.TestCase6#contactUsForm</h3><table class="result"><tr><th>Exception</th></tr><tr><td><div class="stacktrace">org.openqa.selenium.InvalidArgumentException: File not found: /Users/ajeng.hanifah/Downloads/PracticalAssessment5-master\src\test\java\com\automation\resources\sample.txt
Build info: version: &apos;4.23.0&apos;, revision: &apos;4df0a231af&apos;
System info: os.name: &apos;Mac OS X&apos;, os.arch: &apos;aarch64&apos;, os.version: &apos;14.7&apos;, java.version: &apos;23&apos;
Driver info: org.openqa.selenium.firefox.FirefoxDriver
Command: [fc6e3e30-c08f-40f9-a7dc-5f999ca83643, sendKeysToElement {id=aef8bab1-a89c-41b2-93c4-216e87b6e7b0, value=[Ljava.lang.CharSequence;@773c0293}]
Capabilities {acceptInsecureCerts: true, browserName: firefox, browserVersion: 131.0.2, moz:accessibilityChecks: false, moz:buildID: 20241008210941, moz:debuggerAddress: 127.0.0.1:46822, moz:geckodriverVersion: 0.35.0, moz:headless: true, moz:platformVersion: 23.6.0, moz:processID: 27741, moz:profile: /var/folders/qk/lrxzqjc5227..., moz:shutdownTimeout: 60000, moz:webdriverClick: true, moz:windowless: false, pageLoadStrategy: normal, platformName: mac, proxy: Proxy(), se:cdp: ws://127.0.0.1:46822/devtoo..., se:cdpVersion: 85.0, setWindowRect: true, strictFileInteractability: false, timeouts: {implicit: 0, pageLoad: 300000, script: 30000}, unhandledPromptBehavior: dismiss and notify, userAgent: Mozilla/5.0 (Macintosh; Int...}
Element: [[FirefoxDriver: firefox on mac (fc6e3e30-c08f-40f9-a7dc-5f999ca83643)] -&gt; name: upload_file]
Session ID: fc6e3e30-c08f-40f9-a7dc-5f999ca83643
	at org.openqa.selenium.remote.ErrorCodec.decode(ErrorCodec.java:167)
	at org.openqa.selenium.remote.codec.w3c.W3CHttpResponseCodec.decode(W3CHttpResponseCodec.java:138)
	at org.openqa.selenium.remote.codec.w3c.W3CHttpResponseCodec.decode(W3CHttpResponseCodec.java:50)
	at org.openqa.selenium.remote.HttpCommandExecutor.execute(HttpCommandExecutor.java:190)
	at org.openqa.selenium.remote.service.DriverCommandExecutor.invokeExecute(DriverCommandExecutor.java:216)
	at org.openqa.selenium.remote.service.DriverCommandExecutor.execute(DriverCommandExecutor.java:174)
	at org.openqa.selenium.remote.RemoteWebDriver.execute(RemoteWebDriver.java:527)
	at org.openqa.selenium.remote.RemoteWebElement.execute(RemoteWebElement.java:223)
	at org.openqa.selenium.remote.RemoteWebElement.sendKeys(RemoteWebElement.java:110)
	at org.openqa.selenium.support.pagefactory.internal.LocatingElementHandler.invoke(LocatingElementHandler.java:51)
	at jdk.proxy2/jdk.proxy2.$Proxy20.sendKeys(Unknown Source)
	at com.automation.pages.ContactUsPage.fillForm(ContactUsPage.java:56)
	at com.automation.TestCase6.verifySuccessMessageSuccessYourDetailsHaveBeenSubmittedSuccessfullyIsVisible(TestCase6.java:47)
	at com.automation.TestCase6.contactUsForm(TestCase6.java:30)
	at java.base/java.util.ArrayList.forEach(ArrayList.java:1597)
... Removed 35 stack frames</div></td></tr></table><p class="totop"><a href="#summary">back to summary</a></p>
<h3 id="m9">com.automation.TestCase1#registerUser</h3><table class="result"><tr><th class="invisible"/></tr></table><p class="totop"><a href="#summary">back to summary</a></p>
<h3 id="m10">com.automation.TestCase10#verifySubscriptionInHomePage</h3><table class="result"><tr><th class="invisible"/></tr></table><p class="totop"><a href="#summary">back to summary</a></p>
<h3 id="m11">com.automation.TestCase11#verifySubscriptionInCartPage</h3><table class="result"><tr><th class="invisible"/></tr></table><p class="totop"><a href="#summary">back to summary</a></p>
<h3 id="m12">com.automation.TestCase12#addProductsInCart</h3><table class="result"><tr><th class="invisible"/></tr></table><p class="totop"><a href="#summary">back to summary</a></p>
<h3 id="m13">com.automation.TestCase13#verifyProductQuantityInCart</h3><table class="result"><tr><th class="invisible"/></tr></table><p class="totop"><a href="#summary">back to summary</a></p>
<h3 id="m14">com.automation.TestCase17#removeProductsFromCart</h3><table class="result"><tr><th class="invisible"/></tr></table><p class="totop"><a href="#summary">back to summary</a></p>
<h3 id="m15">com.automation.TestCase3#loginUserWithIncorrectEmailAndPassword</h3><table class="result"><tr><th class="invisible"/></tr></table><p class="totop"><a href="#summary">back to summary</a></p>
<h3 id="m16">com.automation.TestCase5#registerUserWithExistingEmail</h3><table class="result"><tr><th class="invisible"/></tr></table><p class="totop"><a href="#summary">back to summary</a></p>
<h3 id="m17">com.automation.TestCase7#verifyTestCasesPage</h3><table class="result"><tr><th class="invisible"/></tr></table><p class="totop"><a href="#summary">back to summary</a></p>
<h3 id="m18">com.automation.TestCase8#verifyAllProductsAndProductDetailPage</h3><table class="result"><tr><th class="invisible"/></tr></table><p class="totop"><a href="#summary">back to summary</a></p>
<h3 id="m19">com.automation.TestCase9#searchProduct</h3><table class="result"><tr><th class="invisible"/></tr></table><p class="totop"><a href="#summary">back to summary</a></p>
</body>
</html>
